*** Starting uWSGI 2.0.18 (64bit) on [Tue Aug 18 16:54:26 2020] ***
compiled with version: 7.5.0 on 19 June 2020 07:17:56
os: Linux-5.4.0-42-generic #46~18.04.1-Ubuntu SMP Fri Jul 10 07:21:24 UTC 2020
nodename: tedu
machine: x86_64
clock source: unix
detected number of CPU cores: 3
current working directory: /home/tarena/mysite1/mysite1
writing pidfile to uwsgi.pid
detected binary path: /usr/local/bin/uwsgi
!!! no internal routing support, rebuild with pcre support !!!
uWSGI running as root, you can use --uid/--gid/--chroot options
*** WARNING: you are running uWSGI as root !!! (use the --uid flag) *** 
chdir() to /home/tarena/mysite1
your processes number limit is 15446
your memory page size is 4096 bytes
detected max file descriptor number: 1024
lock engine: pthread robust mutexes
thunder lock: disabled (you can enable it with --thunder-lock)
uWSGI http bound on 127.0.0.1:8000 fd 4
uwsgi socket 0 bound to TCP address 127.0.0.1:39359 (port auto-assigned) fd 3
uWSGI running as root, you can use --uid/--gid/--chroot options
*** WARNING: you are running uWSGI as root !!! (use the --uid flag) *** 
Python version: 3.6.9 (default, Jul 17 2020, 12:50:27)  [GCC 8.4.0]
Python main interpreter initialized at 0x563cac16ac50
uWSGI running as root, you can use --uid/--gid/--chroot options
*** WARNING: you are running uWSGI as root !!! (use the --uid flag) *** 
python threads support enabled
your server socket listen backlog is limited to 100 connections
your mercy for graceful operations on workers is 60 seconds
mapped 166752 bytes (162 KB) for 2 cores
*** Operational MODE: threaded ***
failed to open python file mysite7/wsgi.py
unable to load app 0 (mountpoint='') (callable not found or import error)
*** no app loaded. going in full dynamic mode ***
uWSGI running as root, you can use --uid/--gid/--chroot options
*** WARNING: you are running uWSGI as root !!! (use the --uid flag) *** 
*** uWSGI is running in multiple interpreter mode ***
spawned uWSGI master process (pid: 8402)
spawned uWSGI worker 1 (pid: 8403, cores: 2)
spawned uWSGI http 1 (pid: 8404)
--- no python application found, check your startup logs for errors ---
[pid: 8403|app: -1|req: -1/1] 127.0.0.1 () {34 vars in 533 bytes} [Tue Aug 18 16:57:56 2020] GET /favicon.ico => generated 21 bytes in 0 msecs (HTTP/1.1 500) 2 headers in 83 bytes (0 switches on core 0)
--- no python application found, check your startup logs for errors ---
[pid: 8403|app: -1|req: -1/2] 127.0.0.1 () {36 vars in 606 bytes} [Tue Aug 18 16:58:12 2020] GET / => generated 21 bytes in 0 msecs (HTTP/1.1 500) 2 headers in 83 bytes (0 switches on core 1)
--- no python application found, check your startup logs for errors ---
[pid: 8403|app: -1|req: -1/3] 127.0.0.1 () {36 vars in 618 bytes} [Tue Aug 18 16:58:42 2020] GET /admin/ => generated 21 bytes in 0 msecs (HTTP/1.1 500) 2 headers in 83 bytes (0 switches on core 0)
--- no python application found, check your startup logs for errors ---
[pid: 8403|app: -1|req: -1/4] 127.0.0.1 () {36 vars in 616 bytes} [Tue Aug 18 16:58:46 2020] GET /admin => generated 21 bytes in 0 msecs (HTTP/1.1 500) 2 headers in 83 bytes (0 switches on core 1)
--- no python application found, check your startup logs for errors ---
[pid: 8403|app: -1|req: -1/5] 127.0.0.1 () {36 vars in 615 bytes} [Tue Aug 18 16:59:38 2020] GET /admin => generated 21 bytes in 0 msecs (HTTP/1.1 500) 2 headers in 83 bytes (0 switches on core 0)
*** Starting uWSGI 2.0.18 (64bit) on [Tue Aug 18 16:59:52 2020] ***
compiled with version: 7.5.0 on 19 June 2020 07:17:56
os: Linux-5.4.0-42-generic #46~18.04.1-Ubuntu SMP Fri Jul 10 07:21:24 UTC 2020
nodename: tedu
machine: x86_64
clock source: unix
detected number of CPU cores: 3
current working directory: /home/tarena/mysite1/mysite1
writing pidfile to uwsgi.pid
detected binary path: /usr/local/bin/uwsgi
!!! no internal routing support, rebuild with pcre support !!!
uWSGI running as root, you can use --uid/--gid/--chroot options
*** WARNING: you are running uWSGI as root !!! (use the --uid flag) *** 
chdir() to /home/tarena/mysite1
your processes number limit is 15446
your memory page size is 4096 bytes
detected max file descriptor number: 1024
lock engine: pthread robust mutexes
thunder lock: disabled (you can enable it with --thunder-lock)
probably another instance of uWSGI is running on the same address (127.0.0.1:8000).
bind(): Address already in use [core/socket.c line 769]
--- no python application found, check your startup logs for errors ---
[pid: 8403|app: -1|req: -1/6] 127.0.0.1 () {38 vars in 647 bytes} [Tue Aug 18 16:59:56 2020] GET /admin => generated 21 bytes in 0 msecs (HTTP/1.1 500) 2 headers in 83 bytes (0 switches on core 1)
--- no python application found, check your startup logs for errors ---
[pid: 8403|app: -1|req: -1/7] 127.0.0.1 () {38 vars in 647 bytes} [Tue Aug 18 16:59:57 2020] GET /admin => generated 21 bytes in 0 msecs (HTTP/1.1 500) 2 headers in 83 bytes (0 switches on core 0)
--- no python application found, check your startup logs for errors ---
[pid: 8403|app: -1|req: -1/8] 127.0.0.1 () {38 vars in 647 bytes} [Tue Aug 18 16:59:58 2020] GET /admin => generated 21 bytes in 0 msecs (HTTP/1.1 500) 2 headers in 83 bytes (0 switches on core 1)
--- no python application found, check your startup logs for errors ---
[pid: 8403|app: -1|req: -1/9] 127.0.0.1 () {38 vars in 647 bytes} [Tue Aug 18 16:59:58 2020] GET /admin => generated 21 bytes in 0 msecs (HTTP/1.1 500) 2 headers in 83 bytes (0 switches on core 0)
--- no python application found, check your startup logs for errors ---
[pid: 8403|app: -1|req: -1/10] 127.0.0.1 () {36 vars in 618 bytes} [Tue Aug 18 17:00:24 2020] GET //admin => generated 21 bytes in 0 msecs (HTTP/1.1 500) 2 headers in 83 bytes (0 switches on core 1)
--- no python application found, check your startup logs for errors ---
[pid: 8403|app: -1|req: -1/11] 127.0.0.1 () {36 vars in 616 bytes} [Tue Aug 18 17:00:29 2020] GET /admin => generated 21 bytes in 0 msecs (HTTP/1.1 500) 2 headers in 83 bytes (0 switches on core 0)
